{"level":"http","message":"POST /employee/login 200 361 - 2674.281 ms","timestamp":"2024-01-25T16:54:27.051Z"}
{"level":"http","message":"POST /employee/login 200 361 - 1538.721 ms","timestamp":"2024-01-25T17:03:01.865Z"}
{"level":"http","message":"POST /employee/login 200 361 - 422.104 ms","timestamp":"2024-01-25T17:03:51.025Z"}
{"level":"http","message":"POST /employee/login 200 134 - 2543.589 ms","timestamp":"2024-01-25T17:06:02.819Z"}
{"level":"http","message":"POST /employee/login 200 134 - 10706.728 ms","timestamp":"2024-01-25T17:07:25.610Z"}
{"level":"http","message":"POST /employee/login 200 134 - 2721.777 ms","timestamp":"2024-01-25T17:09:50.847Z"}
{"level":"http","message":"GET /order/get 400 18 - 1.504 ms","timestamp":"2024-01-25T17:10:17.375Z"}
{"level":"http","message":"GET /order/get 400 18 - 5.551 ms","timestamp":"2024-01-25T17:11:25.773Z"}
{"level":"http","message":"GET /order/get 400 2 - 5.221 ms","timestamp":"2024-01-25T17:11:46.462Z"}
{"level":"http","message":"GET /order/get 400 2 - 1.576 ms","timestamp":"2024-01-25T17:11:48.720Z"}
{"level":"http","message":"GET /order/get 400 2 - 0.538 ms","timestamp":"2024-01-25T17:11:55.670Z"}
{"level":"http","message":"GET /order/get 400 2 - 1.254 ms","timestamp":"2024-01-25T17:12:15.733Z"}
{"level":"http","message":"GET /order/get 400 2 - 11.710 ms","timestamp":"2024-01-25T17:12:35.314Z"}
{"level":"http","message":"GET /order/get 400 18 - 6.103 ms","timestamp":"2024-01-25T17:13:29.402Z"}
{"level":"http","message":"GET /order/get 400 2 - 12.447 ms","timestamp":"2024-01-25T17:14:20.300Z"}
{"level":"http","message":"GET /order/get 400 18 - 5.241 ms","timestamp":"2024-01-25T17:14:42.921Z"}
{"level":"http","message":"GET /order/get 400 18 - 1.731 ms","timestamp":"2024-01-25T17:14:44.970Z"}
{"level":"http","message":"GET /order/get 400 2 - 13.200 ms","timestamp":"2024-01-25T17:16:30.589Z"}
{"level":"http","message":"GET /order/get 400 2 - 6.047 ms","timestamp":"2024-01-25T17:16:39.161Z"}
{"level":"http","message":"POST /employee/login 200 134 - 2389.972 ms","timestamp":"2024-01-25T17:19:13.884Z"}
{"level":"http","message":"GET /order/get 400 2 - 10.058 ms","timestamp":"2024-01-25T17:19:23.243Z"}
{"level":"http","message":"GET /order/get 400 2 - 11.312 ms","timestamp":"2024-01-25T17:20:22.485Z"}
{"level":"http","message":"GET /order/get 400 54 - 17.890 ms","timestamp":"2024-01-25T17:23:05.615Z"}
{"level":"http","message":"POST /employee/login 200 134 - 2424.586 ms","timestamp":"2024-01-25T17:23:36.072Z"}
{"level":"http","message":"GET /order/get 400 54 - 5.116 ms","timestamp":"2024-01-25T17:23:42.389Z"}
{"level":"http","message":"GET /order/get 400 54 - 18.403 ms","timestamp":"2024-01-25T17:25:14.884Z"}
{"level":"http","message":"GET /order/get 400 2 - 10048.163 ms","timestamp":"2024-01-25T17:26:08.351Z"}
{"level":"http","message":"GET /order/get 200 32551 - 934.694 ms","timestamp":"2024-01-25T17:26:33.550Z"}
{"level":"http","message":"POST /manager/login 400 111 - 30099.772 ms","timestamp":"2024-01-25T17:28:02.785Z"}
{"level":"http","message":"POST /manager/login 200 136 - 2769.236 ms","timestamp":"2024-01-26T03:52:41.437Z"}
{"level":"http","message":"POST /manager/login 200 136 - 344.025 ms","timestamp":"2024-01-26T03:52:51.125Z"}
{"level":"http","message":"POST /order/add 500 35 - 435.863 ms","timestamp":"2024-01-26T03:53:12.198Z"}
{"level":"http","message":"POST /order/add 500 35 - 3795.745 ms","timestamp":"2024-01-26T03:56:05.175Z"}
{"level":"http","message":"POST /order/add 500 35 - 458.126 ms","timestamp":"2024-01-26T03:56:42.920Z"}
{"level":"http","message":"POST /order/add 500 35 - 471.308 ms","timestamp":"2024-01-26T03:57:06.980Z"}
{"level":"http","message":"POST /employee/login 200 134 - 2455.180 ms","timestamp":"2024-01-26T04:00:34.471Z"}
{"level":"http","message":"POST /order/add 200 727 - 7049.272 ms","timestamp":"2024-01-26T04:01:02.656Z"}
{"level":"http","message":"POST /order/add 200 727 - 5830.474 ms","timestamp":"2024-01-26T04:01:53.874Z"}
{"level":"http","message":"POST /employee/login 200 134 - 2448.671 ms","timestamp":"2024-01-26T04:02:07.944Z"}
{"level":"http","message":"POST /employee/login 200 134 - 2895.410 ms","timestamp":"2024-01-26T04:07:39.696Z"}
{"level":"http","message":"POST /employee/login 200 134 - 2493.092 ms","timestamp":"2024-01-26T04:08:16.874Z"}
{"level":"http","message":"POST /employee/login 200 134 - 25805.925 ms","timestamp":"2024-01-26T04:54:22.607Z"}
{"level":"http","message":"POST /employee/login 200 134 - 2743.541 ms","timestamp":"2024-01-26T04:55:33.879Z"}
{"level":"http","message":"POST /employee/login 200 134 - 561.305 ms","timestamp":"2024-01-26T04:56:16.543Z"}
{"level":"http","message":"POST /employee/login 200 134 - 4262.359 ms","timestamp":"2024-01-26T04:56:35.165Z"}
{"level":"http","message":"POST /employee/login 200 134 - 4750.916 ms","timestamp":"2024-01-26T04:57:12.723Z"}
{"level":"http","message":"POST /employee/login 200 134 - 1803.411 ms","timestamp":"2024-01-26T05:25:54.498Z"}
{"level":"http","message":"POST /employee/login 200 134 - 2552.881 ms","timestamp":"2024-01-26T10:18:25.684Z"}
{"level":"http","message":"POST /employee/login 200 134 - 377.746 ms","timestamp":"2024-01-26T10:20:27.190Z"}
{"level":"http","message":"POST /employee/login 200 134 - 4330.407 ms","timestamp":"2024-01-26T10:26:33.145Z"}
{"level":"http","message":"POST /employee/login 200 134 - 3117.905 ms","timestamp":"2024-01-26T10:29:50.646Z"}
{"level":"http","message":"POST /employee/login 200 134 - 3143.765 ms","timestamp":"2024-01-26T10:31:50.663Z"}
{"level":"http","message":"POST /employee/login 200 134 - 718.712 ms","timestamp":"2024-01-26T10:32:17.330Z"}
{"level":"http","message":"POST /employee/login 200 134 - 6452.172 ms","timestamp":"2024-01-26T10:34:53.263Z"}
{"level":"http","message":"POST /employee/login 200 134 - 7166.590 ms","timestamp":"2024-01-26T10:42:42.104Z"}
{"level":"http","message":"POST /employee/login 400 101 - 36030.182 ms","timestamp":"2024-01-26T10:44:27.509Z"}
{"level":"http","message":"POST /employee/login 400 131 - 10258.950 ms","timestamp":"2024-01-26T10:48:57.373Z"}
{"level":"http","message":"POST /employee/login 200 134 - 2709.876 ms","timestamp":"2024-01-26T10:49:47.710Z"}
{"level":"http","message":"POST /employee/login 200 134 - 14572.398 ms","timestamp":"2024-01-26T10:51:48.780Z"}
{"level":"http","message":"POST /employee/login 400 90 - 32025.717 ms","timestamp":"2024-01-26T10:57:30.762Z"}
{"level":"http","message":"POST /employee/login 200 134 - 2842.660 ms","timestamp":"2024-01-26T10:58:16.393Z"}
{"level":"http","message":"POST /employee/login 200 134 - 1638.262 ms","timestamp":"2024-01-26T12:25:24.311Z"}
{"level":"http","message":"POST /employee/login 400 131 - 10055.968 ms","timestamp":"2024-01-26T12:26:01.907Z"}
{"level":"http","message":"POST /employee/login 200 134 - 2848.074 ms","timestamp":"2024-01-26T12:26:18.606Z"}
{"level":"http","message":"POST /employee/login 200 134 - 2685.386 ms","timestamp":"2024-01-26T13:02:12.668Z"}
{"level":"http","message":"POST /employee/login 200 134 - 2704.867 ms","timestamp":"2024-01-26T13:56:35.962Z"}
{"level":"http","message":"POST /employee/login 200 134 - 6011.688 ms","timestamp":"2024-01-26T14:03:18.624Z"}
{"level":"http","message":"POST /employee/login 200 134 - 2544.089 ms","timestamp":"2024-01-26T14:07:57.546Z"}
{"level":"http","message":"POST /employee/login 200 134 - 2631.974 ms","timestamp":"2024-01-26T14:13:49.031Z"}
{"level":"http","message":"POST /employee/login 200 134 - 3403.444 ms","timestamp":"2024-01-26T14:15:06.898Z"}
{"level":"http","message":"POST /employee/login 200 134 - 2634.472 ms","timestamp":"2024-01-26T14:15:37.299Z"}
{"level":"http","message":"POST /employee/login 200 134 - 586.281 ms","timestamp":"2024-01-26T14:15:47.010Z"}
{"level":"http","message":"POST /employee/login 200 134 - 3098.652 ms","timestamp":"2024-01-26T14:17:45.076Z"}
{"level":"http","message":"POST /employee/login 200 134 - 3055.625 ms","timestamp":"2024-01-26T14:19:31.528Z"}
{"level":"http","message":"POST /employee/login - - - - ms","timestamp":"2024-01-26T14:27:45.246Z"}
{"level":"http","message":"POST /employee/login 400 90 - 7040.859 ms","timestamp":"2024-01-26T14:27:53.317Z"}
{"level":"http","message":"POST /employee/login 200 134 - 2810.792 ms","timestamp":"2024-01-26T14:28:00.297Z"}
{"level":"http","message":"GET /order/get 200 33871 - 1143.677 ms","timestamp":"2024-01-26T14:28:14.164Z"}
{"level":"http","message":"POST /employee/login 200 95 - 3.849 ms","timestamp":"2024-01-26T14:30:35.300Z"}
{"level":"http","message":"GET /order/get 400 18 - 2.772 ms","timestamp":"2024-01-26T14:30:44.197Z"}
{"level":"http","message":"GET /order/get 400 18 - 6.311 ms","timestamp":"2024-01-26T15:59:39.230Z"}
{"level":"http","message":"POST /employee/login 400 131 - 10090.364 ms","timestamp":"2024-01-26T15:59:51.419Z"}
{"level":"http","message":"POST /employee/login 200 134 - 2697.087 ms","timestamp":"2024-01-26T16:00:08.307Z"}
